<?xml version="1.0" encoding="UTF-8"?>
<!-- Generated by org.testng.reporters.JUnitReportReporter -->
<testsuite hostname="LAPTOP-CLJ22TB5" failures="0" tests="1" name="Tests.Login" time="20.238" errors="0" timestamp="2023-08-30T20:10:54 IST" skipped="0">
  <testcase classname="Tests.Login" name="TC_1_Login" time="20.238"/>
</testsuite> <!-- Tests.Login -->
